{"/home/jean/www/expertjs/module08/behavioral/observer/src/events/payment.mjs": {"path":"/home/jean/www/expertjs/module08/behavioral/observer/src/events/payment.mjs","all":false,"statementMap":{"0":{"start":{"line":1,"column":0},"end":{"line":1,"column":30}},"1":{"start":{"line":2,"column":0},"end":{"line":2,"column":31}},"2":{"start":{"line":3,"column":0},"end":{"line":3,"column":41}},"3":{"start":{"line":4,"column":0},"end":{"line":4,"column":3}},"4":{"start":{"line":5,"column":0},"end":{"line":5,"column":0}},"5":{"start":{"line":6,"column":0},"end":{"line":6,"column":27}},"6":{"start":{"line":7,"column":0},"end":{"line":7,"column":67}},"7":{"start":{"line":8,"column":0},"end":{"line":8,"column":0}},"8":{"start":{"line":9,"column":0},"end":{"line":9,"column":44}},"9":{"start":{"line":10,"column":0},"end":{"line":10,"column":3}},"10":{"start":{"line":11,"column":0},"end":{"line":11,"column":1}}},"s":{"0":1,"1":2,"2":2,"3":2,"4":2,"5":2,"6":1,"7":1,"8":1,"9":1,"10":1},"branchMap":{"0":{"type":"branch","line":1,"loc":{"start":{"line":1,"column":0},"end":{"line":7,"column":31}},"locations":[{"start":{"line":1,"column":0},"end":{"line":7,"column":31}}]},"1":{"type":"branch","line":1,"loc":{"start":{"line":1,"column":0},"end":{"line":1,"column":19}},"locations":[{"start":{"line":1,"column":0},"end":{"line":1,"column":19}}]},"2":{"type":"branch","line":1,"loc":{"start":{"line":1,"column":23},"end":{"line":7,"column":28}},"locations":[{"start":{"line":1,"column":23},"end":{"line":7,"column":28}}]}},"b":{"0":[1],"1":[2],"2":[2]},"fnMap":{"0":{"name":"Payment","decl":{"start":{"line":1,"column":0},"end":{"line":1,"column":19}},"loc":{"start":{"line":1,"column":0},"end":{"line":1,"column":19}},"line":1},"1":{"name":"creditCard","decl":{"start":{"line":1,"column":23},"end":{"line":7,"column":28}},"loc":{"start":{"line":1,"column":23},"end":{"line":7,"column":28}},"line":1}},"f":{"0":2,"1":2}}
,"/home/jean/www/expertjs/module08/behavioral/observer/src/observers/marketing.mjs": {"path":"/home/jean/www/expertjs/module08/behavioral/observer/src/observers/marketing.mjs","all":false,"statementMap":{"0":{"start":{"line":1,"column":0},"end":{"line":1,"column":32}},"1":{"start":{"line":2,"column":0},"end":{"line":2,"column":76}},"2":{"start":{"line":3,"column":0},"end":{"line":3,"column":78}},"3":{"start":{"line":4,"column":0},"end":{"line":4,"column":44}},"4":{"start":{"line":5,"column":0},"end":{"line":5,"column":28}},"5":{"start":{"line":6,"column":0},"end":{"line":6,"column":16}},"6":{"start":{"line":7,"column":0},"end":{"line":7,"column":69}},"7":{"start":{"line":8,"column":0},"end":{"line":8,"column":6}},"8":{"start":{"line":9,"column":0},"end":{"line":9,"column":3}},"9":{"start":{"line":10,"column":0},"end":{"line":10,"column":1}}},"s":{"0":1,"1":1,"2":1,"3":1,"4":1,"5":1,"6":1,"7":1,"8":1,"9":1},"branchMap":{"0":{"type":"branch","line":1,"loc":{"start":{"line":1,"column":0},"end":{"line":6,"column":11}},"locations":[{"start":{"line":1,"column":0},"end":{"line":6,"column":11}}]},"1":{"type":"branch","line":3,"loc":{"start":{"line":3,"column":37},"end":{"line":6,"column":8}},"locations":[{"start":{"line":3,"column":37},"end":{"line":6,"column":8}}]}},"b":{"0":[1],"1":[1]},"fnMap":{"0":{"name":"update","decl":{"start":{"line":3,"column":37},"end":{"line":6,"column":8}},"loc":{"start":{"line":3,"column":37},"end":{"line":6,"column":8}},"line":3}},"f":{"0":1}}
,"/home/jean/www/expertjs/module08/behavioral/observer/src/observers/shipment.mjs": {"path":"/home/jean/www/expertjs/module08/behavioral/observer/src/observers/shipment.mjs","all":false,"statementMap":{"0":{"start":{"line":1,"column":0},"end":{"line":1,"column":31}},"1":{"start":{"line":2,"column":0},"end":{"line":2,"column":28}},"2":{"start":{"line":3,"column":0},"end":{"line":3,"column":80}},"3":{"start":{"line":4,"column":0},"end":{"line":4,"column":3}},"4":{"start":{"line":5,"column":0},"end":{"line":5,"column":1}}},"s":{"0":1,"1":1,"2":1,"3":1,"4":1},"branchMap":{"0":{"type":"branch","line":1,"loc":{"start":{"line":1,"column":0},"end":{"line":2,"column":27}},"locations":[{"start":{"line":1,"column":0},"end":{"line":2,"column":27}}]},"1":{"type":"branch","line":1,"loc":{"start":{"line":1,"column":0},"end":{"line":2,"column":24}},"locations":[{"start":{"line":1,"column":0},"end":{"line":2,"column":24}}]}},"b":{"0":[1],"1":[1]},"fnMap":{"0":{"name":"update","decl":{"start":{"line":1,"column":0},"end":{"line":2,"column":24}},"loc":{"start":{"line":1,"column":0},"end":{"line":2,"column":24}},"line":1}},"f":{"0":1}}
,"/home/jean/www/expertjs/module08/behavioral/observer/src/subjects/paymentSubject.mjs": {"path":"/home/jean/www/expertjs/module08/behavioral/observer/src/subjects/paymentSubject.mjs","all":false,"statementMap":{"0":{"start":{"line":1,"column":0},"end":{"line":1,"column":37}},"1":{"start":{"line":2,"column":0},"end":{"line":2,"column":25}},"2":{"start":{"line":3,"column":0},"end":{"line":3,"column":0}},"3":{"start":{"line":4,"column":0},"end":{"line":4,"column":16}},"4":{"start":{"line":5,"column":0},"end":{"line":5,"column":65}},"5":{"start":{"line":6,"column":0},"end":{"line":6,"column":3}},"6":{"start":{"line":7,"column":0},"end":{"line":7,"column":0}},"7":{"start":{"line":8,"column":0},"end":{"line":8,"column":27}},"8":{"start":{"line":9,"column":0},"end":{"line":9,"column":39}},"9":{"start":{"line":10,"column":0},"end":{"line":10,"column":3}},"10":{"start":{"line":11,"column":0},"end":{"line":11,"column":0}},"11":{"start":{"line":12,"column":0},"end":{"line":12,"column":25}},"12":{"start":{"line":13,"column":0},"end":{"line":13,"column":36}},"13":{"start":{"line":14,"column":0},"end":{"line":14,"column":3}},"14":{"start":{"line":15,"column":0},"end":{"line":15,"column":1}}},"s":{"0":4,"1":4,"2":4,"3":4,"4":4,"5":4,"6":4,"7":4,"8":1,"9":1,"10":1,"11":1,"12":1,"13":1,"14":1},"branchMap":{"0":{"type":"branch","line":1,"loc":{"start":{"line":1,"column":0},"end":{"line":9,"column":25}},"locations":[{"start":{"line":1,"column":0},"end":{"line":9,"column":25}}]},"1":{"type":"branch","line":1,"loc":{"start":{"line":1,"column":0},"end":{"line":9,"column":24}},"locations":[{"start":{"line":1,"column":0},"end":{"line":9,"column":24}}]},"2":{"type":"branch","line":1,"loc":{"start":{"line":1,"column":0},"end":{"line":2,"column":24}},"locations":[{"start":{"line":1,"column":0},"end":{"line":2,"column":24}}]},"3":{"type":"branch","line":1,"loc":{"start":{"line":1,"column":21},"end":{"line":2,"column":18}},"locations":[{"start":{"line":1,"column":21},"end":{"line":2,"column":18}}]},"4":{"type":"branch","line":4,"loc":{"start":{"line":4,"column":1},"end":{"line":5,"column":53}},"locations":[{"start":{"line":4,"column":1},"end":{"line":5,"column":53}}]},"5":{"type":"branch","line":5,"loc":{"start":{"line":5,"column":57},"end":{"line":9,"column":22}},"locations":[{"start":{"line":5,"column":57},"end":{"line":9,"column":22}}]}},"b":{"0":[1],"1":[4],"2":[4],"3":[3],"4":[1],"5":[4]},"fnMap":{"0":{"name":"<instance_members_initializer>","decl":{"start":{"line":1,"column":0},"end":{"line":9,"column":24}},"loc":{"start":{"line":1,"column":0},"end":{"line":9,"column":24}},"line":1},"1":{"name":"notify","decl":{"start":{"line":1,"column":0},"end":{"line":2,"column":24}},"loc":{"start":{"line":1,"column":0},"end":{"line":2,"column":24}},"line":1},"2":{"name":"unsubscribe","decl":{"start":{"line":4,"column":1},"end":{"line":5,"column":53}},"loc":{"start":{"line":4,"column":1},"end":{"line":5,"column":53}},"line":4},"3":{"name":"subscribe","decl":{"start":{"line":5,"column":57},"end":{"line":9,"column":22}},"loc":{"start":{"line":5,"column":57},"end":{"line":9,"column":22}},"line":5}},"f":{"0":4,"1":4,"2":1,"3":4}}
}
