{"/home/jean/www/expertjs/module08/behavioral/03-template-method/src/business/orderBusiness.mjs": {"path":"/home/jean/www/expertjs/module08/behavioral/03-template-method/src/business/orderBusiness.mjs","all":false,"statementMap":{"0":{"start":{"line":1,"column":0},"end":{"line":1,"column":51}},"1":{"start":{"line":2,"column":0},"end":{"line":2,"column":0}},"2":{"start":{"line":3,"column":0},"end":{"line":3,"column":57}},"3":{"start":{"line":4,"column":0},"end":{"line":4,"column":22}},"4":{"start":{"line":5,"column":0},"end":{"line":5,"column":0}},"5":{"start":{"line":6,"column":0},"end":{"line":6,"column":33}},"6":{"start":{"line":7,"column":0},"end":{"line":7,"column":65}},"7":{"start":{"line":8,"column":0},"end":{"line":8,"column":3}},"8":{"start":{"line":9,"column":0},"end":{"line":9,"column":0}},"9":{"start":{"line":10,"column":0},"end":{"line":10,"column":17}},"10":{"start":{"line":11,"column":0},"end":{"line":11,"column":27}},"11":{"start":{"line":12,"column":0},"end":{"line":12,"column":0}},"12":{"start":{"line":13,"column":0},"end":{"line":13,"column":16}},"13":{"start":{"line":14,"column":0},"end":{"line":14,"column":3}},"14":{"start":{"line":15,"column":0},"end":{"line":15,"column":1}}},"s":{"0":2,"1":2,"2":2,"3":2,"4":2,"5":2,"6":1,"7":1,"8":1,"9":1,"10":1,"11":1,"12":1,"13":1,"14":1},"branchMap":{"0":{"type":"branch","line":1,"loc":{"start":{"line":1,"column":0},"end":{"line":7,"column":52}},"locations":[{"start":{"line":1,"column":0},"end":{"line":7,"column":52}}]},"1":{"type":"branch","line":1,"loc":{"start":{"line":1,"column":0},"end":{"line":7,"column":51}},"locations":[{"start":{"line":1,"column":0},"end":{"line":7,"column":51}}]},"2":{"type":"branch","line":1,"loc":{"start":{"line":1,"column":48},"end":{"line":6,"column":14}},"locations":[{"start":{"line":1,"column":48},"end":{"line":6,"column":14}}]},"3":{"type":"branch","line":6,"loc":{"start":{"line":6,"column":18},"end":{"line":7,"column":49}},"locations":[{"start":{"line":6,"column":18},"end":{"line":7,"column":49}}]}},"b":{"0":[1],"1":[2],"2":[2],"3":[2]},"fnMap":{"0":{"name":"<instance_members_initializer>","decl":{"start":{"line":1,"column":0},"end":{"line":7,"column":51}},"loc":{"start":{"line":1,"column":0},"end":{"line":7,"column":51}},"line":1},"1":{"name":"_validateRequiredFields","decl":{"start":{"line":1,"column":48},"end":{"line":6,"column":14}},"loc":{"start":{"line":1,"column":48},"end":{"line":6,"column":14}},"line":1},"2":{"name":"_create","decl":{"start":{"line":6,"column":18},"end":{"line":7,"column":49}},"loc":{"start":{"line":6,"column":18},"end":{"line":7,"column":49}},"line":6}},"f":{"0":2,"1":2,"2":2}}
,"/home/jean/www/expertjs/module08/behavioral/03-template-method/src/business/base/baseBusiness.mjs": {"path":"/home/jean/www/expertjs/module08/behavioral/03-template-method/src/business/base/baseBusiness.mjs","all":false,"statementMap":{"0":{"start":{"line":1,"column":0},"end":{"line":1,"column":68}},"1":{"start":{"line":2,"column":0},"end":{"line":2,"column":0}},"2":{"start":{"line":3,"column":0},"end":{"line":3,"column":35}},"3":{"start":{"line":4,"column":0},"end":{"line":4,"column":33}},"4":{"start":{"line":5,"column":0},"end":{"line":5,"column":73}},"5":{"start":{"line":6,"column":0},"end":{"line":6,"column":3}},"6":{"start":{"line":7,"column":0},"end":{"line":7,"column":0}},"7":{"start":{"line":8,"column":0},"end":{"line":8,"column":17}},"8":{"start":{"line":9,"column":0},"end":{"line":9,"column":57}},"9":{"start":{"line":10,"column":0},"end":{"line":10,"column":3}},"10":{"start":{"line":11,"column":0},"end":{"line":11,"column":0}},"11":{"start":{"line":12,"column":0},"end":{"line":12,"column":5}},"12":{"start":{"line":13,"column":0},"end":{"line":13,"column":28}},"13":{"start":{"line":14,"column":0},"end":{"line":14,"column":80}},"14":{"start":{"line":15,"column":0},"end":{"line":15,"column":18}},"15":{"start":{"line":16,"column":0},"end":{"line":16,"column":4}},"16":{"start":{"line":17,"column":0},"end":{"line":17,"column":50}},"17":{"start":{"line":18,"column":0},"end":{"line":18,"column":5}},"18":{"start":{"line":19,"column":0},"end":{"line":19,"column":16}},"19":{"start":{"line":20,"column":0},"end":{"line":20,"column":55}},"20":{"start":{"line":21,"column":0},"end":{"line":21,"column":0}},"21":{"start":{"line":22,"column":0},"end":{"line":22,"column":51}},"22":{"start":{"line":23,"column":0},"end":{"line":23,"column":0}},"23":{"start":{"line":24,"column":0},"end":{"line":24,"column":30}},"24":{"start":{"line":25,"column":0},"end":{"line":25,"column":3}},"25":{"start":{"line":26,"column":0},"end":{"line":26,"column":1}}},"s":{"0":2,"1":1,"2":1,"3":2,"4":2,"5":2,"6":2,"7":2,"8":2,"9":2,"10":2,"11":2,"12":2,"13":2,"14":5,"15":5,"16":5,"17":5,"18":5,"19":5,"20":2,"21":1,"22":1,"23":1,"24":1,"25":1},"branchMap":{"0":{"type":"branch","line":1,"loc":{"start":{"line":1,"column":0},"end":{"line":22,"column":1}},"locations":[{"start":{"line":1,"column":0},"end":{"line":22,"column":1}}]},"1":{"type":"branch","line":1,"loc":{"start":{"line":1,"column":19},"end":{"line":4,"column":22}},"locations":[{"start":{"line":1,"column":19},"end":{"line":4,"column":22}}]},"2":{"type":"branch","line":4,"loc":{"start":{"line":4,"column":26},"end":{"line":5,"column":69}},"locations":[{"start":{"line":4,"column":26},"end":{"line":5,"column":69}}]},"3":{"type":"branch","line":14,"loc":{"start":{"line":14,"column":75},"end":{"line":20,"column":55}},"locations":[{"start":{"line":14,"column":75},"end":{"line":20,"column":55}}]},"4":{"type":"branch","line":19,"loc":{"start":{"line":19,"column":3},"end":{"line":20,"column":19}},"locations":[{"start":{"line":19,"column":3},"end":{"line":20,"column":19}}]},"5":{"type":"branch","line":20,"loc":{"start":{"line":20,"column":19},"end":{"line":20,"column":54}},"locations":[{"start":{"line":20,"column":19},"end":{"line":20,"column":54}}]}},"b":{"0":[2],"1":[1],"2":[1],"3":[5],"4":[1],"5":[3]},"fnMap":{"0":{"name":"_validateRequiredFields","decl":{"start":{"line":1,"column":19},"end":{"line":4,"column":22}},"loc":{"start":{"line":1,"column":19},"end":{"line":4,"column":22}},"line":1},"1":{"name":"_create","decl":{"start":{"line":4,"column":26},"end":{"line":5,"column":69}},"loc":{"start":{"line":4,"column":26},"end":{"line":5,"column":69}},"line":4},"2":{"name":"create","decl":{"start":{"line":14,"column":75},"end":{"line":20,"column":55}},"loc":{"start":{"line":14,"column":75},"end":{"line":20,"column":55}},"line":14}},"f":{"0":1,"1":1,"2":5}}
,"/home/jean/www/expertjs/module08/behavioral/03-template-method/src/entities/order.mjs": {"path":"/home/jean/www/expertjs/module08/behavioral/03-template-method/src/entities/order.mjs","all":false,"statementMap":{"0":{"start":{"line":1,"column":0},"end":{"line":1,"column":20}},"1":{"start":{"line":2,"column":0},"end":{"line":2,"column":49}},"2":{"start":{"line":3,"column":0},"end":{"line":3,"column":33}},"3":{"start":{"line":4,"column":0},"end":{"line":4,"column":25}},"4":{"start":{"line":5,"column":0},"end":{"line":5,"column":29}},"5":{"start":{"line":6,"column":0},"end":{"line":6,"column":3}},"6":{"start":{"line":7,"column":0},"end":{"line":7,"column":1}}},"s":{"0":2,"1":2,"2":1,"3":1,"4":1,"5":1,"6":1},"branchMap":{"0":{"type":"branch","line":1,"loc":{"start":{"line":1,"column":0},"end":{"line":3,"column":7}},"locations":[{"start":{"line":1,"column":0},"end":{"line":3,"column":7}}]},"1":{"type":"branch","line":1,"loc":{"start":{"line":1,"column":0},"end":{"line":3,"column":4}},"locations":[{"start":{"line":1,"column":0},"end":{"line":3,"column":4}}]}},"b":{"0":[1],"1":[2]},"fnMap":{"0":{"name":"Order","decl":{"start":{"line":1,"column":0},"end":{"line":3,"column":4}},"loc":{"start":{"line":1,"column":0},"end":{"line":3,"column":4}},"line":1}},"f":{"0":2}}
,"/home/jean/www/expertjs/module08/behavioral/03-template-method/src/utils/exception.mjs": {"path":"/home/jean/www/expertjs/module08/behavioral/03-template-method/src/utils/exception.mjs","all":false,"statementMap":{"0":{"start":{"line":1,"column":0},"end":{"line":1,"column":52}},"1":{"start":{"line":2,"column":0},"end":{"line":2,"column":24}},"2":{"start":{"line":3,"column":0},"end":{"line":3,"column":61}},"3":{"start":{"line":4,"column":0},"end":{"line":4,"column":0}},"4":{"start":{"line":5,"column":0},"end":{"line":5,"column":42}},"5":{"start":{"line":6,"column":0},"end":{"line":6,"column":3}},"6":{"start":{"line":7,"column":0},"end":{"line":7,"column":1}}},"s":{"0":4,"1":4,"2":1,"3":1,"4":1,"5":1,"6":1},"branchMap":{"0":{"type":"branch","line":1,"loc":{"start":{"line":1,"column":0},"end":{"line":3,"column":23}},"locations":[{"start":{"line":1,"column":0},"end":{"line":3,"column":23}}]},"1":{"type":"branch","line":1,"loc":{"start":{"line":1,"column":0},"end":{"line":3,"column":20}},"locations":[{"start":{"line":1,"column":0},"end":{"line":3,"column":20}}]}},"b":{"0":[2],"1":[4]},"fnMap":{"0":{"name":"NotImplementedException","decl":{"start":{"line":1,"column":0},"end":{"line":3,"column":20}},"loc":{"start":{"line":1,"column":0},"end":{"line":3,"column":20}},"line":1}},"f":{"0":4}}
}
