TN:
SF:src/business/orderBusiness.mjs
FN:1,<instance_members_initializer>
FN:1,_validateRequiredFields
FN:6,_create
FNF:3
FNH:3
FNDA:2,<instance_members_initializer>
FNDA:2,_validateRequiredFields
FNDA:2,_create
DA:1,2
DA:2,2
DA:3,2
DA:4,2
DA:5,2
DA:6,2
DA:7,1
DA:8,1
DA:9,1
DA:10,1
DA:11,1
DA:12,1
DA:13,1
DA:14,1
DA:15,1
LF:15
LH:15
BRDA:1,0,0,1
BRDA:1,1,0,2
BRDA:1,2,0,2
BRDA:6,3,0,2
BRF:4
BRH:4
end_of_record
TN:
SF:src/business/base/baseBusiness.mjs
FN:1,_validateRequiredFields
FN:4,_create
FN:14,create
FNF:3
FNH:3
FNDA:1,_validateRequiredFields
FNDA:1,_create
FNDA:5,create
DA:1,2
DA:2,1
DA:3,1
DA:4,2
DA:5,2
DA:6,2
DA:7,2
DA:8,2
DA:9,2
DA:10,2
DA:11,2
DA:12,2
DA:13,2
DA:14,2
DA:15,5
DA:16,5
DA:17,5
DA:18,5
DA:19,5
DA:20,5
DA:21,2
DA:22,1
DA:23,1
DA:24,1
DA:25,1
DA:26,1
LF:26
LH:26
BRDA:1,0,0,2
BRDA:1,1,0,1
BRDA:4,2,0,1
BRDA:14,3,0,5
BRDA:19,4,0,1
BRDA:20,5,0,3
BRF:6
BRH:6
end_of_record
TN:
SF:src/entities/order.mjs
FN:1,Order
FNF:1
FNH:1
FNDA:2,Order
DA:1,2
DA:2,2
DA:3,1
DA:4,1
DA:5,1
DA:6,1
DA:7,1
LF:7
LH:7
BRDA:1,0,0,1
BRDA:1,1,0,2
BRF:2
BRH:2
end_of_record
TN:
SF:src/utils/exception.mjs
FN:1,NotImplementedException
FNF:1
FNH:1
FNDA:4,NotImplementedException
DA:1,4
DA:2,4
DA:3,1
DA:4,1
DA:5,1
DA:6,1
DA:7,1
LF:7
LH:7
BRDA:1,0,0,2
BRDA:1,1,0,4
BRF:2
BRH:2
end_of_record
